<?xml version="1.0" encoding="UTF-8"?>
<!-- Generated by org.testng.reporters.JUnitReportReporter -->
<testsuite hostname="Gopika" failures="0" tests="1" name="test.LoginTest" time="4.137" errors="0" timestamp="2023-04-09T20:09:05 IST" skipped="0">
  <testcase classname="test.LoginTest" name="login" time="4.137"/>
  <system-out/>
</testsuite> <!-- test.LoginTest -->
